TODO/app/build/intermediates/manifest_merge_blame_file/debug/manifest-merger-blame-debug-report.txt
1<?xml version="1.0" encoding="utf-8"?>
2<manifest xmlns:android="http://schemas.android.com/apk/res/android"
3    package="professorchaos0802.todo"
4    android:versionCode="1"
5    android:versionName="1.0" >
6
7    <uses-sdk
8        android:minSdkVersion="26"
8-->src\main\AndroidManifest.xml
9        android:targetSdkVersion="33" />
9-->src\main\AndroidManifest.xml
10
11    <uses-permission android:name="android.permission.ACCESS_NETWORK_STATE" />
11-->[com.firebaseui:firebase-ui-auth:8.0.0] AndroidManifest.xml:10:5-79
11-->[com.firebaseui:firebase-ui-auth:8.0.0] AndroidManifest.xml:10:22-76
12    <uses-permission android:name="android.permission.INTERNET" />
12-->[com.firebaseui:firebase-ui-auth:8.0.0] AndroidManifest.xml:11:5-67
12-->[com.firebaseui:firebase-ui-auth:8.0.0] AndroidManifest.xml:11:22-64
13
14    <permission
14-->[androidx.core:core:1.9.0] AndroidManifest.xml:22:5-24:47
15        android:name="professorchaos0802.todo.DYNAMIC_RECEIVER_NOT_EXPORTED_PERMISSION"
15-->[androidx.core:core:1.9.0] AndroidManifest.xml:23:9-81
16        android:protectionLevel="signature" />
16-->[androidx.core:core:1.9.0] AndroidManifest.xml:24:9-44
17
18    <uses-permission android:name="professorchaos0802.todo.DYNAMIC_RECEIVER_NOT_EXPORTED_PERMISSION" /> <!-- Permission will be merged into the manifest of the hosting app. -->
18-->[androidx.core:core:1.9.0] AndroidManifest.xml:26:5-97
18-->[androidx.core:core:1.9.0] AndroidManifest.xml:26:22-94
19    <!-- Is required to launch foreground extraction service for targetSdkVersion 28+. -->
20    <uses-permission android:name="android.permission.FOREGROUND_SERVICE" />
20-->[com.google.android.play:core:1.10.3] AndroidManifest.xml:13:5-77
20-->[com.google.android.play:core:1.10.3] AndroidManifest.xml:13:22-74
21
22    <application
22-->src\main\AndroidManifest.xml:5:5-22:19
23        android:allowBackup="true"
23-->src\main\AndroidManifest.xml:6:9-35
24        android:appComponentFactory="androidx.core.app.CoreComponentFactory"
24-->[androidx.core:core:1.9.0] AndroidManifest.xml:28:18-86
25        android:debuggable="true"
26        android:extractNativeLibs="false"
27        android:icon="@mipmap/ic_launcher"
27-->src\main\AndroidManifest.xml:7:9-43
28        android:label="@string/app_name"
28-->src\main\AndroidManifest.xml:8:9-41
29        android:roundIcon="@mipmap/ic_launcher_round"
29-->src\main\AndroidManifest.xml:9:9-54
30        android:supportsRtl="true"
30-->src\main\AndroidManifest.xml:10:9-35
31        android:testOnly="true"
32        android:theme="@style/Theme.Todo" >
32-->src\main\AndroidManifest.xml:11:9-42
33        <activity
33-->src\main\AndroidManifest.xml:12:9-21:20
34            android:name="professorchaos0802.todo.MainActivity"
34-->src\main\AndroidManifest.xml:13:13-41
35            android:exported="true"
35-->src\main\AndroidManifest.xml:14:13-36
36            android:screenOrientation="portrait" >
36-->src\main\AndroidManifest.xml:15:13-49
37            <intent-filter>
37-->src\main\AndroidManifest.xml:16:13-20:29
38                <action android:name="android.intent.action.MAIN" />
38-->src\main\AndroidManifest.xml:17:17-69
38-->src\main\AndroidManifest.xml:17:25-66
39
40                <category android:name="android.intent.category.LAUNCHER" />
40-->src\main\AndroidManifest.xml:19:17-77
40-->src\main\AndroidManifest.xml:19:27-74
41            </intent-filter>
42        </activity>
43        <activity
43-->[androidx.compose.ui:ui-tooling:1.4.0-alpha01] AndroidManifest.xml:23:9-25:39
44            android:name="androidx.compose.ui.tooling.PreviewActivity"
44-->[androidx.compose.ui:ui-tooling:1.4.0-alpha01] AndroidManifest.xml:24:13-71
45            android:exported="true" />
45-->[androidx.compose.ui:ui-tooling:1.4.0-alpha01] AndroidManifest.xml:25:13-36
46        <activity
46-->[androidx.compose.ui:ui-test-manifest:1.4.0-alpha01] AndroidManifest.xml:23:9-25:39
47            android:name="androidx.activity.ComponentActivity"
47-->[androidx.compose.ui:ui-test-manifest:1.4.0-alpha01] AndroidManifest.xml:24:13-63
48            android:exported="true" />
48-->[androidx.compose.ui:ui-test-manifest:1.4.0-alpha01] AndroidManifest.xml:25:13-36
49
50        <meta-data
50-->[com.firebaseui:firebase-ui-auth:8.0.0] AndroidManifest.xml:14:9-16:69
51            android:name="com.google.android.gms.version"
51-->[com.firebaseui:firebase-ui-auth:8.0.0] AndroidManifest.xml:15:13-58
52            android:value="@integer/google_play_services_version" />
52-->[com.firebaseui:firebase-ui-auth:8.0.0] AndroidManifest.xml:16:13-66
53        <meta-data
53-->[com.firebaseui:firebase-ui-auth:8.0.0] AndroidManifest.xml:17:9-19:63
54            android:name="com.facebook.sdk.ApplicationId"
54-->[com.firebaseui:firebase-ui-auth:8.0.0] AndroidManifest.xml:18:13-58
55            android:value="@string/facebook_application_id" />
55-->[com.firebaseui:firebase-ui-auth:8.0.0] AndroidManifest.xml:19:13-60
56
57        <activity
57-->[com.firebaseui:firebase-ui-auth:8.0.0] AndroidManifest.xml:21:9-25:61
58            android:name="com.firebase.ui.auth.KickoffActivity"
58-->[com.firebaseui:firebase-ui-auth:8.0.0] AndroidManifest.xml:22:13-64
59            android:exported="false"
59-->[com.firebaseui:firebase-ui-auth:8.0.0] AndroidManifest.xml:23:13-37
60            android:label=""
60-->[com.firebaseui:firebase-ui-auth:8.0.0] AndroidManifest.xml:24:13-29
61            android:theme="@style/FirebaseUI.Transparent" />
61-->[com.firebaseui:firebase-ui-auth:8.0.0] AndroidManifest.xml:25:13-58
62        <activity
62-->[com.firebaseui:firebase-ui-auth:8.0.0] AndroidManifest.xml:26:9-30:61
63            android:name="com.firebase.ui.auth.ui.idp.SingleSignInActivity"
63-->[com.firebaseui:firebase-ui-auth:8.0.0] AndroidManifest.xml:27:13-76
64            android:exported="false"
64-->[com.firebaseui:firebase-ui-auth:8.0.0] AndroidManifest.xml:28:13-37
65            android:label=""
65-->[com.firebaseui:firebase-ui-auth:8.0.0] AndroidManifest.xml:29:13-29
66            android:theme="@style/FirebaseUI.Transparent" />
66-->[com.firebaseui:firebase-ui-auth:8.0.0] AndroidManifest.xml:30:13-58
67        <activity
67-->[com.firebaseui:firebase-ui-auth:8.0.0] AndroidManifest.xml:31:9-35:61
68            android:name="com.firebase.ui.auth.ui.credentials.CredentialSaveActivity"
68-->[com.firebaseui:firebase-ui-auth:8.0.0] AndroidManifest.xml:32:13-86
69            android:exported="false"
69-->[com.firebaseui:firebase-ui-auth:8.0.0] AndroidManifest.xml:33:13-37
70            android:label=""
70-->[com.firebaseui:firebase-ui-auth:8.0.0] AndroidManifest.xml:34:13-29
71            android:theme="@style/FirebaseUI.Transparent" />
71-->[com.firebaseui:firebase-ui-auth:8.0.0] AndroidManifest.xml:35:13-58
72        <activity
72-->[com.firebaseui:firebase-ui-auth:8.0.0] AndroidManifest.xml:36:9-40:58
73            android:name="com.firebase.ui.auth.ui.email.RecoverPasswordActivity"
73-->[com.firebaseui:firebase-ui-auth:8.0.0] AndroidManifest.xml:37:13-81
74            android:exported="false"
74-->[com.firebaseui:firebase-ui-auth:8.0.0] AndroidManifest.xml:38:13-37
75            android:label="@string/fui_title_recover_password_activity"
75-->[com.firebaseui:firebase-ui-auth:8.0.0] AndroidManifest.xml:39:13-72
76            android:windowSoftInputMode="adjustResize" />
76-->[com.firebaseui:firebase-ui-auth:8.0.0] AndroidManifest.xml:40:13-55
77        <activity
77-->[com.firebaseui:firebase-ui-auth:8.0.0] AndroidManifest.xml:41:9-45:58
78            android:name="com.firebase.ui.auth.ui.email.EmailActivity"
78-->[com.firebaseui:firebase-ui-auth:8.0.0] AndroidManifest.xml:42:13-71
79            android:exported="false"
79-->[com.firebaseui:firebase-ui-auth:8.0.0] AndroidManifest.xml:43:13-37
80            android:label="@string/fui_sign_in_default"
80-->[com.firebaseui:firebase-ui-auth:8.0.0] AndroidManifest.xml:44:13-56
81            android:windowSoftInputMode="adjustResize" />
81-->[com.firebaseui:firebase-ui-auth:8.0.0] AndroidManifest.xml:45:13-55
82        <activity
82-->[com.firebaseui:firebase-ui-auth:8.0.0] AndroidManifest.xml:46:9-50:77
83            android:name="com.firebase.ui.auth.ui.phone.PhoneActivity"
83-->[com.firebaseui:firebase-ui-auth:8.0.0] AndroidManifest.xml:47:13-71
84            android:exported="false"
84-->[com.firebaseui:firebase-ui-auth:8.0.0] AndroidManifest.xml:48:13-37
85            android:label="@string/fui_sign_in_with_phone_number"
85-->[com.firebaseui:firebase-ui-auth:8.0.0] AndroidManifest.xml:49:13-66
86            android:windowSoftInputMode="adjustResize|stateAlwaysVisible" />
86-->[com.firebaseui:firebase-ui-auth:8.0.0] AndroidManifest.xml:50:13-74
87        <activity
87-->[com.firebaseui:firebase-ui-auth:8.0.0] AndroidManifest.xml:51:9-55:58
88            android:name="com.firebase.ui.auth.ui.idp.WelcomeBackIdpPrompt"
88-->[com.firebaseui:firebase-ui-auth:8.0.0] AndroidManifest.xml:52:13-76
89            android:exported="false"
89-->[com.firebaseui:firebase-ui-auth:8.0.0] AndroidManifest.xml:53:13-37
90            android:label="@string/fui_title_welcome_back_idp_prompt"
90-->[com.firebaseui:firebase-ui-auth:8.0.0] AndroidManifest.xml:54:13-70
91            android:windowSoftInputMode="adjustResize" />
91-->[com.firebaseui:firebase-ui-auth:8.0.0] AndroidManifest.xml:55:13-55
92        <activity
92-->[com.firebaseui:firebase-ui-auth:8.0.0] AndroidManifest.xml:56:9-60:58
93            android:name="com.firebase.ui.auth.ui.email.WelcomeBackPasswordPrompt"
93-->[com.firebaseui:firebase-ui-auth:8.0.0] AndroidManifest.xml:57:13-83
94            android:exported="false"
94-->[com.firebaseui:firebase-ui-auth:8.0.0] AndroidManifest.xml:58:13-37
95            android:label="@string/fui_title_welcome_back_password_prompt"
95-->[com.firebaseui:firebase-ui-auth:8.0.0] AndroidManifest.xml:59:13-75
96            android:windowSoftInputMode="adjustResize" />
96-->[com.firebaseui:firebase-ui-auth:8.0.0] AndroidManifest.xml:60:13-55
97        <activity
97-->[com.firebaseui:firebase-ui-auth:8.0.0] AndroidManifest.xml:61:9-65:58
98            android:name="com.firebase.ui.auth.ui.email.WelcomeBackEmailLinkPrompt"
98-->[com.firebaseui:firebase-ui-auth:8.0.0] AndroidManifest.xml:62:13-84
99            android:exported="false"
99-->[com.firebaseui:firebase-ui-auth:8.0.0] AndroidManifest.xml:63:13-37
100            android:label="@string/fui_title_welcome_back_password_prompt"
100-->[com.firebaseui:firebase-ui-auth:8.0.0] AndroidManifest.xml:64:13-75
101            android:windowSoftInputMode="adjustResize" />
101-->[com.firebaseui:firebase-ui-auth:8.0.0] AndroidManifest.xml:65:13-55
102        <activity
102-->[com.firebaseui:firebase-ui-auth:8.0.0] AndroidManifest.xml:66:9-71:58
103            android:name="com.firebase.ui.auth.ui.email.EmailLinkCatcherActivity"
103-->[com.firebaseui:firebase-ui-auth:8.0.0] AndroidManifest.xml:67:13-82
104            android:exported="false"
104-->[com.firebaseui:firebase-ui-auth:8.0.0] AndroidManifest.xml:68:13-37
105            android:label=""
105-->[com.firebaseui:firebase-ui-auth:8.0.0] AndroidManifest.xml:69:13-29
106            android:theme="@style/FirebaseUI.Transparent"
106-->[com.firebaseui:firebase-ui-auth:8.0.0] AndroidManifest.xml:70:13-58
107            android:windowSoftInputMode="adjustResize" />
107-->[com.firebaseui:firebase-ui-auth:8.0.0] AndroidManifest.xml:71:13-55
108        <activity
108-->[com.firebaseui:firebase-ui-auth:8.0.0] AndroidManifest.xml:72:9-76:58
109            android:name="com.firebase.ui.auth.ui.email.EmailLinkErrorRecoveryActivity"
109-->[com.firebaseui:firebase-ui-auth:8.0.0] AndroidManifest.xml:73:13-88
110            android:exported="false"
110-->[com.firebaseui:firebase-ui-auth:8.0.0] AndroidManifest.xml:74:13-37
111            android:label="@string/fui_sign_in_default"
111-->[com.firebaseui:firebase-ui-auth:8.0.0] AndroidManifest.xml:75:13-56
112            android:windowSoftInputMode="adjustResize" />
112-->[com.firebaseui:firebase-ui-auth:8.0.0] AndroidManifest.xml:76:13-55
113        <activity
113-->[com.firebaseui:firebase-ui-auth:8.0.0] AndroidManifest.xml:77:9-80:65
114            android:name="com.firebase.ui.auth.ui.idp.AuthMethodPickerActivity"
114-->[com.firebaseui:firebase-ui-auth:8.0.0] AndroidManifest.xml:78:13-80
115            android:exported="false"
115-->[com.firebaseui:firebase-ui-auth:8.0.0] AndroidManifest.xml:79:13-37
116            android:label="@string/fui_default_toolbar_title" />
116-->[com.firebaseui:firebase-ui-auth:8.0.0] AndroidManifest.xml:80:13-62
117        <activity
117-->[com.firebaseui:firebase-ui-auth:8.0.0] AndroidManifest.xml:81:9-85:48
118            android:name="com.facebook.FacebookActivity"
118-->[com.firebaseui:firebase-ui-auth:8.0.0] AndroidManifest.xml:82:13-57
119            android:configChanges="keyboard|keyboardHidden|screenLayout|screenSize|orientation"
119-->[com.firebaseui:firebase-ui-auth:8.0.0] AndroidManifest.xml:83:13-96
120            android:label="@string/app_name" />
120-->[com.firebaseui:firebase-ui-auth:8.0.0] AndroidManifest.xml:84:13-45
121        <activity
121-->[com.firebaseui:firebase-ui-auth:8.0.0] AndroidManifest.xml:86:9-98:20
122            android:name="com.facebook.CustomTabActivity"
122-->[com.firebaseui:firebase-ui-auth:8.0.0] AndroidManifest.xml:87:13-58
123            android:exported="true" >
123-->[com.firebaseui:firebase-ui-auth:8.0.0] AndroidManifest.xml:88:13-36
124            <intent-filter>
124-->[com.firebaseui:firebase-ui-auth:8.0.0] AndroidManifest.xml:90:13-97:29
125                <action android:name="android.intent.action.VIEW" />
125-->[com.firebaseui:firebase-ui-auth:8.0.0] AndroidManifest.xml:91:17-69
125-->[com.firebaseui:firebase-ui-auth:8.0.0] AndroidManifest.xml:91:25-66
126
127                <category android:name="android.intent.category.DEFAULT" />
127-->[com.firebaseui:firebase-ui-auth:8.0.0] AndroidManifest.xml:93:17-76
127-->[com.firebaseui:firebase-ui-auth:8.0.0] AndroidManifest.xml:93:27-73
128                <category android:name="android.intent.category.BROWSABLE" />
128-->[com.firebaseui:firebase-ui-auth:8.0.0] AndroidManifest.xml:94:17-78
128-->[com.firebaseui:firebase-ui-auth:8.0.0] AndroidManifest.xml:94:27-75
129
130                <data android:scheme="@string/facebook_login_protocol_scheme" />
130-->[com.firebaseui:firebase-ui-auth:8.0.0] AndroidManifest.xml:96:17-81
130-->[com.firebaseui:firebase-ui-auth:8.0.0] AndroidManifest.xml:96:23-78
131            </intent-filter>
132        </activity>
133
134        <provider
134-->[com.firebaseui:firebase-ui-auth:8.0.0] AndroidManifest.xml:100:9-104:38
135            android:name="com.firebase.ui.auth.data.client.AuthUiInitProvider"
135-->[com.firebaseui:firebase-ui-auth:8.0.0] AndroidManifest.xml:101:13-79
136            android:authorities="professorchaos0802.todo.authuiinitprovider"
136-->[com.firebaseui:firebase-ui-auth:8.0.0] AndroidManifest.xml:102:13-70
137            android:exported="false"
137-->[com.firebaseui:firebase-ui-auth:8.0.0] AndroidManifest.xml:103:13-37
138            android:initOrder="90" />
138-->[com.firebaseui:firebase-ui-auth:8.0.0] AndroidManifest.xml:104:13-35
139
140        <service
140-->[com.google.firebase:firebase-auth-ktx:21.0.6] AndroidManifest.xml:8:9-14:19
141            android:name="com.google.firebase.components.ComponentDiscoveryService"
141-->[com.google.firebase:firebase-auth-ktx:21.0.6] AndroidManifest.xml:9:13-84
142            android:directBootAware="true"
142-->[com.google.firebase:firebase-common:20.1.1] AndroidManifest.xml:35:13-43
143            android:exported="false" >
143-->[com.google.firebase:firebase-auth-ktx:21.0.6] AndroidManifest.xml:10:13-37
144            <meta-data
144-->[com.google.firebase:firebase-auth-ktx:21.0.6] AndroidManifest.xml:11:13-13:85
145                android:name="com.google.firebase.components:com.google.firebase.auth.ktx.FirebaseAuthKtxRegistrar"
145-->[com.google.firebase:firebase-auth-ktx:21.0.6] AndroidManifest.xml:12:17-116
146                android:value="com.google.firebase.components.ComponentRegistrar" />
146-->[com.google.firebase:firebase-auth-ktx:21.0.6] AndroidManifest.xml:13:17-82
147            <meta-data
147-->[com.google.firebase:firebase-auth:21.0.6] AndroidManifest.xml:67:13-69:85
148                android:name="com.google.firebase.components:com.google.firebase.auth.FirebaseAuthRegistrar"
148-->[com.google.firebase:firebase-auth:21.0.6] AndroidManifest.xml:68:17-109
149                android:value="com.google.firebase.components.ComponentRegistrar" />
149-->[com.google.firebase:firebase-auth:21.0.6] AndroidManifest.xml:69:17-82
150            <meta-data
150-->[com.google.firebase:firebase-storage-ktx:20.0.1] AndroidManifest.xml:15:13-17:85
151                android:name="com.google.firebase.components:com.google.firebase.storage.ktx.FirebaseStorageKtxRegistrar"
151-->[com.google.firebase:firebase-storage-ktx:20.0.1] AndroidManifest.xml:16:17-122
152                android:value="com.google.firebase.components.ComponentRegistrar" />
152-->[com.google.firebase:firebase-storage-ktx:20.0.1] AndroidManifest.xml:17:17-82
153            <meta-data
153-->[com.google.firebase:firebase-storage:20.0.1] AndroidManifest.xml:33:13-35:85
154                android:name="com.google.firebase.components:com.google.firebase.storage.StorageRegistrar"
154-->[com.google.firebase:firebase-storage:20.0.1] AndroidManifest.xml:34:17-107
155                android:value="com.google.firebase.components.ComponentRegistrar" />
155-->[com.google.firebase:firebase-storage:20.0.1] AndroidManifest.xml:35:17-82
156            <meta-data
156-->[com.google.firebase:firebase-firestore-ktx:24.2.1] AndroidManifest.xml:15:13-17:85
157                android:name="com.google.firebase.components:com.google.firebase.firestore.ktx.FirebaseFirestoreKtxRegistrar"
157-->[com.google.firebase:firebase-firestore-ktx:24.2.1] AndroidManifest.xml:16:17-126
158                android:value="com.google.firebase.components.ComponentRegistrar" />
158-->[com.google.firebase:firebase-firestore-ktx:24.2.1] AndroidManifest.xml:17:17-82
159            <meta-data
159-->[com.google.firebase:firebase-firestore:24.2.1] AndroidManifest.xml:20:13-22:85
160                android:name="com.google.firebase.components:com.google.firebase.firestore.FirestoreRegistrar"
160-->[com.google.firebase:firebase-firestore:24.2.1] AndroidManifest.xml:21:17-111
161                android:value="com.google.firebase.components.ComponentRegistrar" />
161-->[com.google.firebase:firebase-firestore:24.2.1] AndroidManifest.xml:22:17-82
162            <meta-data
162-->[com.google.firebase:firebase-common-ktx:20.1.1] AndroidManifest.xml:15:13-17:85
163                android:name="com.google.firebase.components:com.google.firebase.ktx.FirebaseCommonKtxRegistrar"
163-->[com.google.firebase:firebase-common-ktx:20.1.1] AndroidManifest.xml:16:17-113
164                android:value="com.google.firebase.components.ComponentRegistrar" />
164-->[com.google.firebase:firebase-common-ktx:20.1.1] AndroidManifest.xml:17:17-82
165        </service>
166
167        <activity
167-->[com.google.firebase:firebase-auth:21.0.6] AndroidManifest.xml:27:9-44:20
168            android:name="com.google.firebase.auth.internal.GenericIdpActivity"
168-->[com.google.firebase:firebase-auth:21.0.6] AndroidManifest.xml:28:13-80
169            android:excludeFromRecents="true"
169-->[com.google.firebase:firebase-auth:21.0.6] AndroidManifest.xml:29:13-46
170            android:exported="true"
170-->[com.google.firebase:firebase-auth:21.0.6] AndroidManifest.xml:30:13-36
171            android:launchMode="singleTask"
171-->[com.google.firebase:firebase-auth:21.0.6] AndroidManifest.xml:31:13-44
172            android:theme="@android:style/Theme.Translucent.NoTitleBar" >
172-->[com.google.firebase:firebase-auth:21.0.6] AndroidManifest.xml:32:13-72
173            <intent-filter>
173-->[com.google.firebase:firebase-auth:21.0.6] AndroidManifest.xml:33:13-43:29
174                <action android:name="android.intent.action.VIEW" />
174-->[com.firebaseui:firebase-ui-auth:8.0.0] AndroidManifest.xml:91:17-69
174-->[com.firebaseui:firebase-ui-auth:8.0.0] AndroidManifest.xml:91:25-66
175
176                <category android:name="android.intent.category.DEFAULT" />
176-->[com.firebaseui:firebase-ui-auth:8.0.0] AndroidManifest.xml:93:17-76
176-->[com.firebaseui:firebase-ui-auth:8.0.0] AndroidManifest.xml:93:27-73
177                <category android:name="android.intent.category.BROWSABLE" />
177-->[com.firebaseui:firebase-ui-auth:8.0.0] AndroidManifest.xml:94:17-78
177-->[com.firebaseui:firebase-ui-auth:8.0.0] AndroidManifest.xml:94:27-75
178
179                <data
179-->[com.firebaseui:firebase-ui-auth:8.0.0] AndroidManifest.xml:96:17-81
180                    android:host="firebase.auth"
181                    android:path="/"
182                    android:scheme="genericidp" />
182-->[com.firebaseui:firebase-ui-auth:8.0.0] AndroidManifest.xml:96:23-78
183            </intent-filter>
184        </activity>
185        <activity
185-->[com.google.firebase:firebase-auth:21.0.6] AndroidManifest.xml:45:9-62:20
186            android:name="com.google.firebase.auth.internal.RecaptchaActivity"
186-->[com.google.firebase:firebase-auth:21.0.6] AndroidManifest.xml:46:13-79
187            android:excludeFromRecents="true"
187-->[com.google.firebase:firebase-auth:21.0.6] AndroidManifest.xml:47:13-46
188            android:exported="true"
188-->[com.google.firebase:firebase-auth:21.0.6] AndroidManifest.xml:48:13-36
189            android:launchMode="singleTask"
189-->[com.google.firebase:firebase-auth:21.0.6] AndroidManifest.xml:49:13-44
190            android:theme="@android:style/Theme.Translucent.NoTitleBar" >
190-->[com.google.firebase:firebase-auth:21.0.6] AndroidManifest.xml:50:13-72
191            <intent-filter>
191-->[com.google.firebase:firebase-auth:21.0.6] AndroidManifest.xml:51:13-61:29
192                <action android:name="android.intent.action.VIEW" />
192-->[com.firebaseui:firebase-ui-auth:8.0.0] AndroidManifest.xml:91:17-69
192-->[com.firebaseui:firebase-ui-auth:8.0.0] AndroidManifest.xml:91:25-66
193
194                <category android:name="android.intent.category.DEFAULT" />
194-->[com.firebaseui:firebase-ui-auth:8.0.0] AndroidManifest.xml:93:17-76
194-->[com.firebaseui:firebase-ui-auth:8.0.0] AndroidManifest.xml:93:27-73
195                <category android:name="android.intent.category.BROWSABLE" />
195-->[com.firebaseui:firebase-ui-auth:8.0.0] AndroidManifest.xml:94:17-78
195-->[com.firebaseui:firebase-ui-auth:8.0.0] AndroidManifest.xml:94:27-75
196
197                <data
197-->[com.firebaseui:firebase-ui-auth:8.0.0] AndroidManifest.xml:96:17-81
198                    android:host="firebase.auth"
199                    android:path="/"
200                    android:scheme="recaptcha" />
200-->[com.firebaseui:firebase-ui-auth:8.0.0] AndroidManifest.xml:96:23-78
201            </intent-filter>
202        </activity>
203        <activity
203-->[com.google.android.gms:play-services-auth:19.0.0] AndroidManifest.xml:23:9-27:75
204            android:name="com.google.android.gms.auth.api.signin.internal.SignInHubActivity"
204-->[com.google.android.gms:play-services-auth:19.0.0] AndroidManifest.xml:24:13-93
205            android:excludeFromRecents="true"
205-->[com.google.android.gms:play-services-auth:19.0.0] AndroidManifest.xml:25:13-46
206            android:exported="false"
206-->[com.google.android.gms:play-services-auth:19.0.0] AndroidManifest.xml:26:13-37
207            android:theme="@android:style/Theme.Translucent.NoTitleBar" />
207-->[com.google.android.gms:play-services-auth:19.0.0] AndroidManifest.xml:27:13-72
208        <!--
209            Service handling Google Sign-In user revocation. For apps that do not integrate with
210            Google Sign-In, this service will never be started.
211        -->
212        <service
212-->[com.google.android.gms:play-services-auth:19.0.0] AndroidManifest.xml:33:9-37:51
213            android:name="com.google.android.gms.auth.api.signin.RevocationBoundService"
213-->[com.google.android.gms:play-services-auth:19.0.0] AndroidManifest.xml:34:13-89
214            android:exported="true"
214-->[com.google.android.gms:play-services-auth:19.0.0] AndroidManifest.xml:35:13-36
215            android:permission="com.google.android.gms.auth.api.signin.permission.REVOCATION_NOTIFICATION"
215-->[com.google.android.gms:play-services-auth:19.0.0] AndroidManifest.xml:36:13-107
216            android:visibleToInstantApps="true" />
216-->[com.google.android.gms:play-services-auth:19.0.0] AndroidManifest.xml:37:13-48
217
218        <provider
218-->[com.google.firebase:firebase-common:20.1.1] AndroidManifest.xml:26:9-31:39
219            android:name="com.google.firebase.provider.FirebaseInitProvider"
219-->[com.google.firebase:firebase-common:20.1.1] AndroidManifest.xml:27:13-77
220            android:authorities="professorchaos0802.todo.firebaseinitprovider"
220-->[com.google.firebase:firebase-common:20.1.1] AndroidManifest.xml:28:13-72
221            android:directBootAware="true"
221-->[com.google.firebase:firebase-common:20.1.1] AndroidManifest.xml:29:13-43
222            android:exported="false"
222-->[com.google.firebase:firebase-common:20.1.1] AndroidManifest.xml:30:13-37
223            android:initOrder="100" />
223-->[com.google.firebase:firebase-common:20.1.1] AndroidManifest.xml:31:13-36
224
225        <activity
225-->[com.google.android.gms:play-services-base:18.0.1] AndroidManifest.xml:20:9-22:45
226            android:name="com.google.android.gms.common.api.GoogleApiActivity"
226-->[com.google.android.gms:play-services-base:18.0.1] AndroidManifest.xml:20:19-85
227            android:exported="false"
227-->[com.google.android.gms:play-services-base:18.0.1] AndroidManifest.xml:22:19-43
228            android:theme="@android:style/Theme.Translucent.NoTitleBar" />
228-->[com.google.android.gms:play-services-base:18.0.1] AndroidManifest.xml:21:19-78
229
230        <uses-library
230-->[androidx.window:window:1.0.0] AndroidManifest.xml:25:9-27:40
231            android:name="androidx.window.extensions"
231-->[androidx.window:window:1.0.0] AndroidManifest.xml:26:13-54
232            android:required="false" />
232-->[androidx.window:window:1.0.0] AndroidManifest.xml:27:13-37
233        <uses-library
233-->[androidx.window:window:1.0.0] AndroidManifest.xml:28:9-30:40
234            android:name="androidx.window.sidecar"
234-->[androidx.window:window:1.0.0] AndroidManifest.xml:29:13-51
235            android:required="false" />
235-->[androidx.window:window:1.0.0] AndroidManifest.xml:30:13-37
236
237        <provider
237-->[androidx.emoji2:emoji2:1.2.0] AndroidManifest.xml:24:9-32:20
238            android:name="androidx.startup.InitializationProvider"
238-->[androidx.emoji2:emoji2:1.2.0] AndroidManifest.xml:25:13-67
239            android:authorities="professorchaos0802.todo.androidx-startup"
239-->[androidx.emoji2:emoji2:1.2.0] AndroidManifest.xml:26:13-68
240            android:exported="false" >
240-->[androidx.emoji2:emoji2:1.2.0] AndroidManifest.xml:27:13-37
241            <meta-data
241-->[androidx.emoji2:emoji2:1.2.0] AndroidManifest.xml:29:13-31:52
242                android:name="androidx.emoji2.text.EmojiCompatInitializer"
242-->[androidx.emoji2:emoji2:1.2.0] AndroidManifest.xml:30:17-75
243                android:value="androidx.startup" />
243-->[androidx.emoji2:emoji2:1.2.0] AndroidManifest.xml:31:17-49
244            <meta-data
244-->[androidx.profileinstaller:profileinstaller:1.2.0] AndroidManifest.xml:30:13-32:52
245                android:name="androidx.profileinstaller.ProfileInstallerInitializer"
245-->[androidx.profileinstaller:profileinstaller:1.2.0] AndroidManifest.xml:31:17-85
246                android:value="androidx.startup" />
246-->[androidx.profileinstaller:profileinstaller:1.2.0] AndroidManifest.xml:32:17-49
247            <meta-data
247-->[androidx.lifecycle:lifecycle-process:2.4.1] AndroidManifest.xml:31:13-33:52
248                android:name="androidx.lifecycle.ProcessLifecycleInitializer"
248-->[androidx.lifecycle:lifecycle-process:2.4.1] AndroidManifest.xml:32:17-78
249                android:value="androidx.startup" />
249-->[androidx.lifecycle:lifecycle-process:2.4.1] AndroidManifest.xml:33:17-49
250        </provider>
251
252        <receiver
252-->[androidx.profileinstaller:profileinstaller:1.2.0] AndroidManifest.xml:35:9-47:20
253            android:name="androidx.profileinstaller.ProfileInstallReceiver"
253-->[androidx.profileinstaller:profileinstaller:1.2.0] AndroidManifest.xml:36:13-76
254            android:directBootAware="false"
254-->[androidx.profileinstaller:profileinstaller:1.2.0] AndroidManifest.xml:37:13-44
255            android:enabled="true"
255-->[androidx.profileinstaller:profileinstaller:1.2.0] AndroidManifest.xml:38:13-35
256            android:exported="true"
256-->[androidx.profileinstaller:profileinstaller:1.2.0] AndroidManifest.xml:39:13-36
257            android:permission="android.permission.DUMP" >
257-->[androidx.profileinstaller:profileinstaller:1.2.0] AndroidManifest.xml:40:13-57
258            <intent-filter>
258-->[androidx.profileinstaller:profileinstaller:1.2.0] AndroidManifest.xml:41:13-43:29
259                <action android:name="androidx.profileinstaller.action.INSTALL_PROFILE" />
259-->[androidx.profileinstaller:profileinstaller:1.2.0] AndroidManifest.xml:42:17-91
259-->[androidx.profileinstaller:profileinstaller:1.2.0] AndroidManifest.xml:42:25-88
260            </intent-filter>
261            <intent-filter>
261-->[androidx.profileinstaller:profileinstaller:1.2.0] AndroidManifest.xml:44:13-46:29
262                <action android:name="androidx.profileinstaller.action.SKIP_FILE" />
262-->[androidx.profileinstaller:profileinstaller:1.2.0] AndroidManifest.xml:45:17-85